<?xml version="1.0" encoding="UTF-8"?>
<!-- Generated by org.testng.reporters.JUnitXMLReporter -->
<testsuite ignored="0" hostname="Simbu" failures="1" tests="1" name="Add Test" time="3.525" errors="0" timestamp="2024-10-23T00:35:05 IST">
  <testcase classname="testcases.Login" name="logintest" time="3.48">
    <failure type="java.lang.AssertionError" message="expected [Authentication required] but found [Online Return Center]">
      <![CDATA[java.lang.AssertionError: expected [Authentication required] but found [Online Return Center]
at testcases.Login.verifylogin(Login.java:41)
at testcases.Login.logintest(Login.java:78)
at java.base/java.util.ArrayList.forEach(ArrayList.java:1596)
... Removed 31 stack frames]]>
    </failure>
  </testcase> <!-- logintest -->
</testsuite> <!-- Add Test -->
